start to load dictionary in "/Users/Nroe/github/mmseg4n/data"
start to load word "/Users/Nroe/github/mmseg4n/data/words.dic" ...
Server running at http://127.0.0.1:8085/
load [units.dic] "/Users/Nroe/github/mmseg4n/data/units.dic" successfully.
load [chars.dic] "/Users/Nroe/github/mmseg4n/data/chars.dic" successfully.
find resource for request: url=/analyze?text=%E4%BA%AC%E5%8D%8E%E6%97%B6%E6%8A%A5%EF%BC%92%EF%BC%90%EF%BC%90%EF%BC%98%E5%B9%B41%E6%9C%8823%E6%97%A5%E6%8A%A5%E9%81%93%20%E6%98%A8%E5%A4%A9%EF%BC%8C%E5%8F%97%E4%B8%80%E8%82%A1%E6%9D%A5%E8%87%AA%E4%B8%AD%E8%A5%BF%E4%BC%AF%E5%88%A9%E4%BA%9A%E7%9A%84%E5%BC%BA%E5%86%B7%E7%A9%BA%E6%B0%94%E5%BD%B1%E5%93%8D%EF%BC%8C%E6%9C%AC%E5%B8%82%E5%87%BA%E7%8E%B0%E5%A4%A7%E9%A3%8E%E9%99%8D%E6%B8%A9%E5%A4%A9%E6%B0%94%EF%BC%8C%E7%99%BD%E5%A4%A9%E6%9C%80%E9%AB%98%E6%B0%94%E6%B8%A9%E5%8F%AA%E6%9C%89%E9%9B%B6%E4%B8%8B7%E6%91%84%E6%B0%8F%E5%BA%A6%EF%BC%8C%E5%90%8C%E6%97%B6%E4%BC%B4%E6%9C%896%E5%88%B07%E7%BA%A7%E7%9A%84%E5%81%8F%E5%8C%97%E9%A3%8E%E3%80%82,pathname=/analyze
start to load dictionary in "/Users/Nroe/github/mmseg4n/data"
start to load word "/Users/Nroe/github/mmseg4n/data/words.dic" ...
Server running at http://127.0.0.1:8085/
load [units.dic] "/Users/Nroe/github/mmseg4n/data/units.dic" successfully.
load [chars.dic] "/Users/Nroe/github/mmseg4n/data/chars.dic" successfully.
start to load dictionary in "/Users/Nroe/github/mmseg4n/data"
start to load word "/Users/Nroe/github/mmseg4n/data/words.dic" ...
Server running at http://127.0.0.1:8085/
load [units.dic] "/Users/Nroe/github/mmseg4n/data/units.dic" successfully.
load [chars.dic] "/Users/Nroe/github/mmseg4n/data/chars.dic" successfully.
find resource for request: url=/analyze?text=%E4%BA%AC%E5%8D%8E%E6%97%B6%E6%8A%A5%EF%BC%92%EF%BC%90%EF%BC%90%EF%BC%98%E5%B9%B41%E6%9C%8823%E6%97%A5%E6%8A%A5%E9%81%93%20%E6%98%A8%E5%A4%A9%EF%BC%8C%E5%8F%97%E4%B8%80%E8%82%A1%E6%9D%A5%E8%87%AA%E4%B8%AD%E8%A5%BF%E4%BC%AF%E5%88%A9%E4%BA%9A%E7%9A%84%E5%BC%BA%E5%86%B7%E7%A9%BA%E6%B0%94%E5%BD%B1%E5%93%8D%EF%BC%8C%E6%9C%AC%E5%B8%82%E5%87%BA%E7%8E%B0%E5%A4%A7%E9%A3%8E%E9%99%8D%E6%B8%A9%E5%A4%A9%E6%B0%94%EF%BC%8C%E7%99%BD%E5%A4%A9%E6%9C%80%E9%AB%98%E6%B0%94%E6%B8%A9%E5%8F%AA%E6%9C%89%E9%9B%B6%E4%B8%8B7%E6%91%84%E6%B0%8F%E5%BA%A6%EF%BC%8C%E5%90%8C%E6%97%B6%E4%BC%B4%E6%9C%896%E5%88%B07%E7%BA%A7%E7%9A%84%E5%81%8F%E5%8C%97%E9%A3%8E%E3%80%82,pathname=/analyze
start to load dictionary in "/Users/Nroe/github/mmseg4n/data"
start to load word "/Users/Nroe/github/mmseg4n/data/words.dic" ...
Server running at http://127.0.0.1:8085/
load [units.dic] "/Users/Nroe/github/mmseg4n/data/units.dic" successfully.
load [chars.dic] "/Users/Nroe/github/mmseg4n/data/chars.dic" successfully.
find resource for request: url=/analyze?text=%E4%BA%AC%E5%8D%8E%E6%97%B6%E6%8A%A5%EF%BC%92%EF%BC%90%EF%BC%90%EF%BC%98%E5%B9%B41%E6%9C%8823%E6%97%A5%E6%8A%A5%E9%81%93%20%E6%98%A8%E5%A4%A9%EF%BC%8C%E5%8F%97%E4%B8%80%E8%82%A1%E6%9D%A5%E8%87%AA%E4%B8%AD%E8%A5%BF%E4%BC%AF%E5%88%A9%E4%BA%9A%E7%9A%84%E5%BC%BA%E5%86%B7%E7%A9%BA%E6%B0%94%E5%BD%B1%E5%93%8D%EF%BC%8C%E6%9C%AC%E5%B8%82%E5%87%BA%E7%8E%B0%E5%A4%A7%E9%A3%8E%E9%99%8D%E6%B8%A9%E5%A4%A9%E6%B0%94%EF%BC%8C%E7%99%BD%E5%A4%A9%E6%9C%80%E9%AB%98%E6%B0%94%E6%B8%A9%E5%8F%AA%E6%9C%89%E9%9B%B6%E4%B8%8B7%E6%91%84%E6%B0%8F%E5%BA%A6%EF%BC%8C%E5%90%8C%E6%97%B6%E4%BC%B4%E6%9C%896%E5%88%B07%E7%BA%A7%E7%9A%84%E5%81%8F%E5%8C%97%E9%A3%8E%E3%80%82,pathname=/analyze
process request: method=GET,resource=
analyze complex require memory:92(KB) total usage:138.7109375(MB)
find resource for request: url=/res/favicon.ico,pathname=/res/favicon.ico
find resource for request: url=/analyze?text=%E4%BA%AC%E5%8D%8E%E6%97%B6%E6%8A%A5%EF%BC%92%EF%BC%90%EF%BC%90%EF%BC%98%E5%B9%B41%E6%9C%8823%E6%97%A5%E6%8A%A5%E9%81%93%20%E6%98%A8%E5%A4%A9%EF%BC%8C%E5%8F%97%E4%B8%80%E8%82%A1%E6%9D%A5%E8%87%AA%E4%B8%AD%E8%A5%BF%E4%BC%AF%E5%88%A9%E4%BA%9A%E7%9A%84%E5%BC%BA%E5%86%B7%E7%A9%BA%E6%B0%94%E5%BD%B1%E5%93%8D%EF%BC%8C%E6%9C%AC%E5%B8%82%E5%87%BA%E7%8E%B0%E5%A4%A7%E9%A3%8E%E9%99%8D%E6%B8%A9%E5%A4%A9%E6%B0%94%EF%BC%8C%E7%99%BD%E5%A4%A9%E6%9C%80%E9%AB%98%E6%B0%94%E6%B8%A9%E5%8F%AA%E6%9C%89%E9%9B%B6%E4%B8%8B7%E6%91%84%E6%B0%8F%E5%BA%A6%EF%BC%8C%E5%90%8C%E6%97%B6%E4%BC%B4%E6%9C%896%E5%88%B07%E7%BA%A7%E7%9A%84%E5%81%8F%E5%8C%97%E9%A3%8E%E3%80%82,pathname=/analyze
process request: method=GET,resource=
analyze complex require memory:140(KB) total usage:138.9375(MB)
find resource for request: url=/res/favicon.ico,pathname=/res/favicon.ico
find resource for request: url=/analyze?text=%E4%BA%AC%E5%8D%8E%E6%97%B6%E6%8A%A5%EF%BC%92%EF%BC%90%EF%BC%90%EF%BC%98%E5%B9%B41%E6%9C%8823%E6%97%A5%E6%8A%A5%E9%81%93%20%E6%98%A8%E5%A4%A9%EF%BC%8C%E5%8F%97%E4%B8%80%E8%82%A1%E6%9D%A5%E8%87%AA%E4%B8%AD%E8%A5%BF%E4%BC%AF%E5%88%A9%E4%BA%9A%E7%9A%84%E5%BC%BA%E5%86%B7%E7%A9%BA%E6%B0%94%E5%BD%B1%E5%93%8D%EF%BC%8C%E6%9C%AC%E5%B8%82%E5%87%BA%E7%8E%B0%E5%A4%A7%E9%A3%8E%E9%99%8D%E6%B8%A9%E5%A4%A9%E6%B0%94%EF%BC%8C%E7%99%BD%E5%A4%A9%E6%9C%80%E9%AB%98%E6%B0%94%E6%B8%A9%E5%8F%AA%E6%9C%89%E9%9B%B6%E4%B8%8B7%E6%91%84%E6%B0%8F%E5%BA%A6%EF%BC%8C%E5%90%8C%E6%97%B6%E4%BC%B4%E6%9C%896%E5%88%B07%E7%BA%A7%E7%9A%84%E5%81%8F%E5%8C%97%E9%A3%8E%E3%80%82,pathname=/analyze
process request: method=GET,resource=
analyze complex require memory:136(KB) total usage:139.140625(MB)
find resource for request: url=/res/favicon.ico,pathname=/res/favicon.ico
find resource for request: url=/analyze?text=%E4%BA%AC%E5%8D%8E%E6%97%B6%E6%8A%A5%EF%BC%92%EF%BC%90%EF%BC%90%EF%BC%98%E5%B9%B41%E6%9C%8823%E6%97%A5%E6%8A%A5%E9%81%93%20%E6%98%A8%E5%A4%A9%EF%BC%8C%E5%8F%97%E4%B8%80%E8%82%A1%E6%9D%A5%E8%87%AA%E4%B8%AD%E8%A5%BF%E4%BC%AF%E5%88%A9%E4%BA%9A%E7%9A%84%E5%BC%BA%E5%86%B7%E7%A9%BA%E6%B0%94%E5%BD%B1%E5%93%8D%EF%BC%8C%E6%9C%AC%E5%B8%82%E5%87%BA%E7%8E%B0%E5%A4%A7%E9%A3%8E%E9%99%8D%E6%B8%A9%E5%A4%A9%E6%B0%94%EF%BC%8C%E7%99%BD%E5%A4%A9%E6%9C%80%E9%AB%98%E6%B0%94%E6%B8%A9%E5%8F%AA%E6%9C%89%E9%9B%B6%E4%B8%8B7%E6%91%84%E6%B0%8F%E5%BA%A6%EF%BC%8C%E5%90%8C%E6%97%B6%E4%BC%B4%E6%9C%896%E5%88%B07%E7%BA%A7%E7%9A%84%E5%81%8F%E5%8C%97%E9%A3%8E%E3%80%82,pathname=/analyze
process request: method=GET,resource=
analyze complex require memory:136(KB) total usage:139.34765625(MB)
find resource for request: url=/res/favicon.ico,pathname=/res/favicon.ico
find resource for request: url=/analyze?text=%E4%BA%AC%E5%8D%8E%E6%97%B6%E6%8A%A5%EF%BC%92%EF%BC%90%EF%BC%90%EF%BC%98%E5%B9%B41%E6%9C%8823%E6%97%A5%E6%8A%A5%E9%81%93%20%E6%98%A8%E5%A4%A9%EF%BC%8C%E5%8F%97%E4%B8%80%E8%82%A1%E6%9D%A5%E8%87%AA%E4%B8%AD%E8%A5%BF%E4%BC%AF%E5%88%A9%E4%BA%9A%E7%9A%84%E5%BC%BA%E5%86%B7%E7%A9%BA%E6%B0%94%E5%BD%B1%E5%93%8D%EF%BC%8C%E6%9C%AC%E5%B8%82%E5%87%BA%E7%8E%B0%E5%A4%A7%E9%A3%8E%E9%99%8D%E6%B8%A9%E5%A4%A9%E6%B0%94%EF%BC%8C%E7%99%BD%E5%A4%A9%E6%9C%80%E9%AB%98%E6%B0%94%E6%B8%A9%E5%8F%AA%E6%9C%89%E9%9B%B6%E4%B8%8B7%E6%91%84%E6%B0%8F%E5%BA%A6%EF%BC%8C%E5%90%8C%E6%97%B6%E4%BC%B4%E6%9C%896%E5%88%B07%E7%BA%A7%E7%9A%84%E5%81%8F%E5%8C%97%E9%A3%8E%E3%80%82,pathname=/analyze
process request: method=GET,resource=
analyze complex require memory:224(KB) total usage:139.63671875(MB)
find resource for request: url=/res/favicon.ico,pathname=/res/favicon.ico
find resource for request: url=/analyze?text=%E4%BA%AC%E5%8D%8E%E6%97%B6%E6%8A%A5%EF%BC%92%EF%BC%90%EF%BC%90%EF%BC%98%E5%B9%B41%E6%9C%8823%E6%97%A5%E6%8A%A5%E9%81%93%20%E6%98%A8%E5%A4%A9%EF%BC%8C%E5%8F%97%E4%B8%80%E8%82%A1%E6%9D%A5%E8%87%AA%E4%B8%AD%E8%A5%BF%E4%BC%AF%E5%88%A9%E4%BA%9A%E7%9A%84%E5%BC%BA%E5%86%B7%E7%A9%BA%E6%B0%94%E5%BD%B1%E5%93%8D%EF%BC%8C%E6%9C%AC%E5%B8%82%E5%87%BA%E7%8E%B0%E5%A4%A7%E9%A3%8E%E9%99%8D%E6%B8%A9%E5%A4%A9%E6%B0%94%EF%BC%8C%E7%99%BD%E5%A4%A9%E6%9C%80%E9%AB%98%E6%B0%94%E6%B8%A9%E5%8F%AA%E6%9C%89%E9%9B%B6%E4%B8%8B7%E6%91%84%E6%B0%8F%E5%BA%A6%EF%BC%8C%E5%90%8C%E6%97%B6%E4%BC%B4%E6%9C%896%E5%88%B07%E7%BA%A7%E7%9A%84%E5%81%8F%E5%8C%97%E9%A3%8E%E3%80%82,pathname=/analyze
process request: method=GET,resource=
analyze complex require memory:136(KB) total usage:139.84375(MB)
find resource for request: url=/res/favicon.ico,pathname=/res/favicon.ico
find resource for request: url=/analyze?text=%E4%BA%AC%E5%8D%8E%E6%97%B6%E6%8A%A5%EF%BC%92%EF%BC%90%EF%BC%90%EF%BC%98%E5%B9%B41%E6%9C%8823%E6%97%A5%E6%8A%A5%E9%81%93%20%E6%98%A8%E5%A4%A9%EF%BC%8C%E5%8F%97%E4%B8%80%E8%82%A1%E6%9D%A5%E8%87%AA%E4%B8%AD%E8%A5%BF%E4%BC%AF%E5%88%A9%E4%BA%9A%E7%9A%84%E5%BC%BA%E5%86%B7%E7%A9%BA%E6%B0%94%E5%BD%B1%E5%93%8D%EF%BC%8C%E6%9C%AC%E5%B8%82%E5%87%BA%E7%8E%B0%E5%A4%A7%E9%A3%8E%E9%99%8D%E6%B8%A9%E5%A4%A9%E6%B0%94%EF%BC%8C%E7%99%BD%E5%A4%A9%E6%9C%80%E9%AB%98%E6%B0%94%E6%B8%A9%E5%8F%AA%E6%9C%89%E9%9B%B6%E4%B8%8B7%E6%91%84%E6%B0%8F%E5%BA%A6%EF%BC%8C%E5%90%8C%E6%97%B6%E4%BC%B4%E6%9C%896%E5%88%B07%E7%BA%A7%E7%9A%84%E5%81%8F%E5%8C%97%E9%A3%8E%E3%80%82,pathname=/analyze
process request: method=GET,resource=
analyze complex require memory:136(KB) total usage:140.046875(MB)
find resource for request: url=/res/favicon.ico,pathname=/res/favicon.ico
start to load dictionary in "/Users/Nroe/github/mmseg4n/data"
start to load word "/Users/Nroe/github/mmseg4n/data/words.dic" ...
Server running at http://127.0.0.1:8085/
load [units.dic] "/Users/Nroe/github/mmseg4n/data/units.dic" successfully.
load [chars.dic] "/Users/Nroe/github/mmseg4n/data/chars.dic" successfully.
find resource for request: url=/analyze?text=%E4%BA%AC%E5%8D%8E%E6%97%B6%E6%8A%A5%EF%BC%92%EF%BC%90%EF%BC%90%EF%BC%98%E5%B9%B41%E6%9C%8823%E6%97%A5%E6%8A%A5%E9%81%93%20%E6%98%A8%E5%A4%A9%EF%BC%8C%E5%8F%97%E4%B8%80%E8%82%A1%E6%9D%A5%E8%87%AA%E4%B8%AD%E8%A5%BF%E4%BC%AF%E5%88%A9%E4%BA%9A%E7%9A%84%E5%BC%BA%E5%86%B7%E7%A9%BA%E6%B0%94%E5%BD%B1%E5%93%8D%EF%BC%8C%E6%9C%AC%E5%B8%82%E5%87%BA%E7%8E%B0%E5%A4%A7%E9%A3%8E%E9%99%8D%E6%B8%A9%E5%A4%A9%E6%B0%94%EF%BC%8C%E7%99%BD%E5%A4%A9%E6%9C%80%E9%AB%98%E6%B0%94%E6%B8%A9%E5%8F%AA%E6%9C%89%E9%9B%B6%E4%B8%8B7%E6%91%84%E6%B0%8F%E5%BA%A6%EF%BC%8C%E5%90%8C%E6%97%B6%E4%BC%B4%E6%9C%896%E5%88%B07%E7%BA%A7%E7%9A%84%E5%81%8F%E5%8C%97%E9%A3%8E%E3%80%82,pathname=/analyze
process request: method=GET,resource=
find resource for request: url=/res/favicon.ico,pathname=/res/favicon.ico
find resource for request: url=/analyze?text=%E4%BA%AC%E5%8D%8E%E6%97%B6%E6%8A%A5%EF%BC%92%EF%BC%90%EF%BC%90%EF%BC%98%E5%B9%B41%E6%9C%8823%E6%97%A5%E6%8A%A5%E9%81%93%20%E6%98%A8%E5%A4%A9%EF%BC%8C%E5%8F%97%E4%B8%80%E8%82%A1%E6%9D%A5%E8%87%AA%E4%B8%AD%E8%A5%BF%E4%BC%AF%E5%88%A9%E4%BA%9A%E7%9A%84%E5%BC%BA%E5%86%B7%E7%A9%BA%E6%B0%94%E5%BD%B1%E5%93%8D%EF%BC%8C%E6%9C%AC%E5%B8%82%E5%87%BA%E7%8E%B0%E5%A4%A7%E9%A3%8E%E9%99%8D%E6%B8%A9%E5%A4%A9%E6%B0%94%EF%BC%8C%E7%99%BD%E5%A4%A9%E6%9C%80%E9%AB%98%E6%B0%94%E6%B8%A9%E5%8F%AA%E6%9C%89%E9%9B%B6%E4%B8%8B7%E6%91%84%E6%B0%8F%E5%BA%A6%EF%BC%8C%E5%90%8C%E6%97%B6%E4%BC%B4%E6%9C%896%E5%88%B07%E7%BA%A7%E7%9A%84%E5%81%8F%E5%8C%97%E9%A3%8E%E3%80%82,pathname=/analyze
process request: method=GET,resource=
find resource for request: url=/res/favicon.ico,pathname=/res/favicon.ico
find resource for request: url=/analyze?text=%E4%BA%AC%E5%8D%8E%E6%97%B6%E6%8A%A5%EF%BC%92%EF%BC%90%EF%BC%90%EF%BC%98%E5%B9%B41%E6%9C%8823%E6%97%A5%E6%8A%A5%E9%81%93%20%E6%98%A8%E5%A4%A9%EF%BC%8C%E5%8F%97%E4%B8%80%E8%82%A1%E6%9D%A5%E8%87%AA%E4%B8%AD%E8%A5%BF%E4%BC%AF%E5%88%A9%E4%BA%9A%E7%9A%84%E5%BC%BA%E5%86%B7%E7%A9%BA%E6%B0%94%E5%BD%B1%E5%93%8D%EF%BC%8C%E6%9C%AC%E5%B8%82%E5%87%BA%E7%8E%B0%E5%A4%A7%E9%A3%8E%E9%99%8D%E6%B8%A9%E5%A4%A9%E6%B0%94%EF%BC%8C%E7%99%BD%E5%A4%A9%E6%9C%80%E9%AB%98%E6%B0%94%E6%B8%A9%E5%8F%AA%E6%9C%89%E9%9B%B6%E4%B8%8B7%E6%91%84%E6%B0%8F%E5%BA%A6%EF%BC%8C%E5%90%8C%E6%97%B6%E4%BC%B4%E6%9C%896%E5%88%B07%E7%BA%A7%E7%9A%84%E5%81%8F%E5%8C%97%E9%A3%8E%E3%80%82,pathname=/analyze
process request: method=GET,resource=
find resource for request: url=/res/favicon.ico,pathname=/res/favicon.ico
find resource for request: url=/analyze?text=%E4%BA%AC%E5%8D%8E%E6%97%B6%E6%8A%A5%EF%BC%92%EF%BC%90%EF%BC%90%EF%BC%98%E5%B9%B41%E6%9C%8823%E6%97%A5%E6%8A%A5%E9%81%93%20%E6%98%A8%E5%A4%A9%EF%BC%8C%E5%8F%97%E4%B8%80%E8%82%A1%E6%9D%A5%E8%87%AA%E4%B8%AD%E8%A5%BF%E4%BC%AF%E5%88%A9%E4%BA%9A%E7%9A%84%E5%BC%BA%E5%86%B7%E7%A9%BA%E6%B0%94%E5%BD%B1%E5%93%8D%EF%BC%8C%E6%9C%AC%E5%B8%82%E5%87%BA%E7%8E%B0%E5%A4%A7%E9%A3%8E%E9%99%8D%E6%B8%A9%E5%A4%A9%E6%B0%94%EF%BC%8C%E7%99%BD%E5%A4%A9%E6%9C%80%E9%AB%98%E6%B0%94%E6%B8%A9%E5%8F%AA%E6%9C%89%E9%9B%B6%E4%B8%8B7%E6%91%84%E6%B0%8F%E5%BA%A6%EF%BC%8C%E5%90%8C%E6%97%B6%E4%BC%B4%E6%9C%896%E5%88%B07%E7%BA%A7%E7%9A%84%E5%81%8F%E5%8C%97%E9%A3%8E%E3%80%82,pathname=/analyze
process request: method=GET,resource=
find resource for request: url=/res/favicon.ico,pathname=/res/favicon.ico
find resource for request: url=/analyze?text=%E4%BA%AC%E5%8D%8E%E6%97%B6%E6%8A%A5%EF%BC%92%EF%BC%90%EF%BC%90%EF%BC%98%E5%B9%B41%E6%9C%8823%E6%97%A5%E6%8A%A5%E9%81%93%20%E6%98%A8%E5%A4%A9%EF%BC%8C%E5%8F%97%E4%B8%80%E8%82%A1%E6%9D%A5%E8%87%AA%E4%B8%AD%E8%A5%BF%E4%BC%AF%E5%88%A9%E4%BA%9A%E7%9A%84%E5%BC%BA%E5%86%B7%E7%A9%BA%E6%B0%94%E5%BD%B1%E5%93%8D%EF%BC%8C%E6%9C%AC%E5%B8%82%E5%87%BA%E7%8E%B0%E5%A4%A7%E9%A3%8E%E9%99%8D%E6%B8%A9%E5%A4%A9%E6%B0%94%EF%BC%8C%E7%99%BD%E5%A4%A9%E6%9C%80%E9%AB%98%E6%B0%94%E6%B8%A9%E5%8F%AA%E6%9C%89%E9%9B%B6%E4%B8%8B7%E6%91%84%E6%B0%8F%E5%BA%A6%EF%BC%8C%E5%90%8C%E6%97%B6%E4%BC%B4%E6%9C%896%E5%88%B07%E7%BA%A7%E7%9A%84%E5%81%8F%E5%8C%97%E9%A3%8E%E3%80%82,pathname=/analyze
process request: method=GET,resource=
find resource for request: url=/res/favicon.ico,pathname=/res/favicon.ico
find resource for request: url=/analyze?text=%E4%BA%AC%E5%8D%8E%E6%97%B6%E6%8A%A5%EF%BC%92%EF%BC%90%EF%BC%90%EF%BC%98%E5%B9%B41%E6%9C%8823%E6%97%A5%E6%8A%A5%E9%81%93%20%E6%98%A8%E5%A4%A9%EF%BC%8C%E5%8F%97%E4%B8%80%E8%82%A1%E6%9D%A5%E8%87%AA%E4%B8%AD%E8%A5%BF%E4%BC%AF%E5%88%A9%E4%BA%9A%E7%9A%84%E5%BC%BA%E5%86%B7%E7%A9%BA%E6%B0%94%E5%BD%B1%E5%93%8D%EF%BC%8C%E6%9C%AC%E5%B8%82%E5%87%BA%E7%8E%B0%E5%A4%A7%E9%A3%8E%E9%99%8D%E6%B8%A9%E5%A4%A9%E6%B0%94%EF%BC%8C%E7%99%BD%E5%A4%A9%E6%9C%80%E9%AB%98%E6%B0%94%E6%B8%A9%E5%8F%AA%E6%9C%89%E9%9B%B6%E4%B8%8B7%E6%91%84%E6%B0%8F%E5%BA%A6%EF%BC%8C%E5%90%8C%E6%97%B6%E4%BC%B4%E6%9C%896%E5%88%B07%E7%BA%A7%E7%9A%84%E5%81%8F%E5%8C%97%E9%A3%8E%E3%80%82,pathname=/analyze
process request: method=GET,resource=
analyze complex require memory:28(KB) total usage:138.7734375(MB)
find resource for request: url=/res/favicon.ico,pathname=/res/favicon.ico
find resource for request: url=/analyze?text=%E4%BA%AC%E5%8D%8E%E6%97%B6%E6%8A%A5%EF%BC%92%EF%BC%90%EF%BC%90%EF%BC%98%E5%B9%B41%E6%9C%8823%E6%97%A5%E6%8A%A5%E9%81%93%20%E6%98%A8%E5%A4%A9%EF%BC%8C%E5%8F%97%E4%B8%80%E8%82%A1%E6%9D%A5%E8%87%AA%E4%B8%AD%E8%A5%BF%E4%BC%AF%E5%88%A9%E4%BA%9A%E7%9A%84%E5%BC%BA%E5%86%B7%E7%A9%BA%E6%B0%94%E5%BD%B1%E5%93%8D%EF%BC%8C%E6%9C%AC%E5%B8%82%E5%87%BA%E7%8E%B0%E5%A4%A7%E9%A3%8E%E9%99%8D%E6%B8%A9%E5%A4%A9%E6%B0%94%EF%BC%8C%E7%99%BD%E5%A4%A9%E6%9C%80%E9%AB%98%E6%B0%94%E6%B8%A9%E5%8F%AA%E6%9C%89%E9%9B%B6%E4%B8%8B7%E6%91%84%E6%B0%8F%E5%BA%A6%EF%BC%8C%E5%90%8C%E6%97%B6%E4%BC%B4%E6%9C%896%E5%88%B07%E7%BA%A7%E7%9A%84%E5%81%8F%E5%8C%97%E9%A3%8E%E3%80%82,pathname=/analyze
process request: method=GET,resource=
analyze complex require memory:140(KB) total usage:138.99609375(MB)
find resource for request: url=/res/favicon.ico,pathname=/res/favicon.ico
find resource for request: url=/analyze?text=%E4%BA%AC%E5%8D%8E%E6%97%B6%E6%8A%A5%EF%BC%92%EF%BC%90%EF%BC%90%EF%BC%98%E5%B9%B41%E6%9C%8823%E6%97%A5%E6%8A%A5%E9%81%93%20%E6%98%A8%E5%A4%A9%EF%BC%8C%E5%8F%97%E4%B8%80%E8%82%A1%E6%9D%A5%E8%87%AA%E4%B8%AD%E8%A5%BF%E4%BC%AF%E5%88%A9%E4%BA%9A%E7%9A%84%E5%BC%BA%E5%86%B7%E7%A9%BA%E6%B0%94%E5%BD%B1%E5%93%8D%EF%BC%8C%E6%9C%AC%E5%B8%82%E5%87%BA%E7%8E%B0%E5%A4%A7%E9%A3%8E%E9%99%8D%E6%B8%A9%E5%A4%A9%E6%B0%94%EF%BC%8C%E7%99%BD%E5%A4%A9%E6%9C%80%E9%AB%98%E6%B0%94%E6%B8%A9%E5%8F%AA%E6%9C%89%E9%9B%B6%E4%B8%8B7%E6%91%84%E6%B0%8F%E5%BA%A6%EF%BC%8C%E5%90%8C%E6%97%B6%E4%BC%B4%E6%9C%896%E5%88%B07%E7%BA%A7%E7%9A%84%E5%81%8F%E5%8C%97%E9%A3%8E%E3%80%82,pathname=/analyze
process request: method=GET,resource=
analyze complex require memory:136(KB) total usage:139.19921875(MB)
find resource for request: url=/res/favicon.ico,pathname=/res/favicon.ico
find resource for request: url=/analyze?text=%E4%BA%AC%E5%8D%8E%E6%97%B6%E6%8A%A5%EF%BC%92%EF%BC%90%EF%BC%90%EF%BC%98%E5%B9%B41%E6%9C%8823%E6%97%A5%E6%8A%A5%E9%81%93%20%E6%98%A8%E5%A4%A9%EF%BC%8C%E5%8F%97%E4%B8%80%E8%82%A1%E6%9D%A5%E8%87%AA%E4%B8%AD%E8%A5%BF%E4%BC%AF%E5%88%A9%E4%BA%9A%E7%9A%84%E5%BC%BA%E5%86%B7%E7%A9%BA%E6%B0%94%E5%BD%B1%E5%93%8D%EF%BC%8C%E6%9C%AC%E5%B8%82%E5%87%BA%E7%8E%B0%E5%A4%A7%E9%A3%8E%E9%99%8D%E6%B8%A9%E5%A4%A9%E6%B0%94%EF%BC%8C%E7%99%BD%E5%A4%A9%E6%9C%80%E9%AB%98%E6%B0%94%E6%B8%A9%E5%8F%AA%E6%9C%89%E9%9B%B6%E4%B8%8B7%E6%91%84%E6%B0%8F%E5%BA%A6%EF%BC%8C%E5%90%8C%E6%97%B6%E4%BC%B4%E6%9C%896%E5%88%B07%E7%BA%A7%E7%9A%84%E5%81%8F%E5%8C%97%E9%A3%8E%E3%80%82,pathname=/analyze
process request: method=GET,resource=
analyze complex require memory:140(KB) total usage:139.40625(MB)
find resource for request: url=/res/favicon.ico,pathname=/res/favicon.ico
find resource for request: url=/analyze?text=%E4%BA%AC%E5%8D%8E%E6%97%B6%E6%8A%A5%EF%BC%92%EF%BC%90%EF%BC%90%EF%BC%98%E5%B9%B41%E6%9C%8823%E6%97%A5%E6%8A%A5%E9%81%93%20%E6%98%A8%E5%A4%A9%EF%BC%8C%E5%8F%97%E4%B8%80%E8%82%A1%E6%9D%A5%E8%87%AA%E4%B8%AD%E8%A5%BF%E4%BC%AF%E5%88%A9%E4%BA%9A%E7%9A%84%E5%BC%BA%E5%86%B7%E7%A9%BA%E6%B0%94%E5%BD%B1%E5%93%8D%EF%BC%8C%E6%9C%AC%E5%B8%82%E5%87%BA%E7%8E%B0%E5%A4%A7%E9%A3%8E%E9%99%8D%E6%B8%A9%E5%A4%A9%E6%B0%94%EF%BC%8C%E7%99%BD%E5%A4%A9%E6%9C%80%E9%AB%98%E6%B0%94%E6%B8%A9%E5%8F%AA%E6%9C%89%E9%9B%B6%E4%B8%8B7%E6%91%84%E6%B0%8F%E5%BA%A6%EF%BC%8C%E5%90%8C%E6%97%B6%E4%BC%B4%E6%9C%896%E5%88%B07%E7%BA%A7%E7%9A%84%E5%81%8F%E5%8C%97%E9%A3%8E%E3%80%82,pathname=/analyze
process request: method=GET,resource=
analyze complex require memory:200(KB) total usage:139.671875(MB)
find resource for request: url=/res/favicon.ico,pathname=/res/favicon.ico
find resource for request: url=/analyze?text=%E4%BA%AC%E5%8D%8E%E6%97%B6%E6%8A%A5%EF%BC%92%EF%BC%90%EF%BC%90%EF%BC%98%E5%B9%B41%E6%9C%8823%E6%97%A5%E6%8A%A5%E9%81%93%20%E6%98%A8%E5%A4%A9%EF%BC%8C%E5%8F%97%E4%B8%80%E8%82%A1%E6%9D%A5%E8%87%AA%E4%B8%AD%E8%A5%BF%E4%BC%AF%E5%88%A9%E4%BA%9A%E7%9A%84%E5%BC%BA%E5%86%B7%E7%A9%BA%E6%B0%94%E5%BD%B1%E5%93%8D%EF%BC%8C%E6%9C%AC%E5%B8%82%E5%87%BA%E7%8E%B0%E5%A4%A7%E9%A3%8E%E9%99%8D%E6%B8%A9%E5%A4%A9%E6%B0%94%EF%BC%8C%E7%99%BD%E5%A4%A9%E6%9C%80%E9%AB%98%E6%B0%94%E6%B8%A9%E5%8F%AA%E6%9C%89%E9%9B%B6%E4%B8%8B7%E6%91%84%E6%B0%8F%E5%BA%A6%EF%BC%8C%E5%90%8C%E6%97%B6%E4%BC%B4%E6%9C%896%E5%88%B07%E7%BA%A7%E7%9A%84%E5%81%8F%E5%8C%97%E9%A3%8E%E3%80%82,pathname=/analyze
process request: method=GET,resource=
analyze complex require memory:136(KB) total usage:139.875(MB)
find resource for request: url=/res/favicon.ico,pathname=/res/favicon.ico
find resource for request: url=/analyze?text=%E4%BA%AC%E5%8D%8E%E6%97%B6%E6%8A%A5%EF%BC%92%EF%BC%90%EF%BC%90%EF%BC%98%E5%B9%B41%E6%9C%8823%E6%97%A5%E6%8A%A5%E9%81%93%20%E6%98%A8%E5%A4%A9%EF%BC%8C%E5%8F%97%E4%B8%80%E8%82%A1%E6%9D%A5%E8%87%AA%E4%B8%AD%E8%A5%BF%E4%BC%AF%E5%88%A9%E4%BA%9A%E7%9A%84%E5%BC%BA%E5%86%B7%E7%A9%BA%E6%B0%94%E5%BD%B1%E5%93%8D%EF%BC%8C%E6%9C%AC%E5%B8%82%E5%87%BA%E7%8E%B0%E5%A4%A7%E9%A3%8E%E9%99%8D%E6%B8%A9%E5%A4%A9%E6%B0%94%EF%BC%8C%E7%99%BD%E5%A4%A9%E6%9C%80%E9%AB%98%E6%B0%94%E6%B8%A9%E5%8F%AA%E6%9C%89%E9%9B%B6%E4%B8%8B7%E6%91%84%E6%B0%8F%E5%BA%A6%EF%BC%8C%E5%90%8C%E6%97%B6%E4%BC%B4%E6%9C%896%E5%88%B07%E7%BA%A7%E7%9A%84%E5%81%8F%E5%8C%97%E9%A3%8E%E3%80%82,pathname=/analyze
process request: method=GET,resource=
analyze complex require memory:136(KB) total usage:140.08203125(MB)
find resource for request: url=/res/favicon.ico,pathname=/res/favicon.ico
